Classic Timing Analyzer report for ALU4BIT_4CN
Mon Dec 06 10:54:40 2021
Quartus II 64-Bit Version 9.0 Build 132 02/25/2009 SJ Full Version


---------------------
; Table of Contents ;
---------------------
  1. Legal Notice
  2. Timing Analyzer Summary
  3. Timing Analyzer Settings
  4. Parallel Compilation
  5. tpd
  6. Timing Analyzer Messages



----------------
; Legal Notice ;
----------------
Copyright (C) 1991-2009 Altera Corporation
Your use of Altera Corporation's design tools, logic functions 
and other software and tools, and its AMPP partner logic 
functions, and any output files from any of the foregoing 
(including device programming or simulation files), and any 
associated documentation or information are expressly subject 
to the terms and conditions of the Altera Program License 
Subscription Agreement, Altera MegaCore Function License 
Agreement, or other applicable license agreement, including, 
without limitation, that your use is for the sole purpose of 
programming logic devices manufactured by Altera and sold by 
Altera or its authorized distributors.  Please refer to the 
applicable agreement for further details.



+-------------------------------------------------------------------------------------------------------------------------+
; Timing Analyzer Summary                                                                                                 ;
+------------------------------+-------+---------------+-------------+------+------+------------+----------+--------------+
; Type                         ; Slack ; Required Time ; Actual Time ; From ; To   ; From Clock ; To Clock ; Failed Paths ;
+------------------------------+-------+---------------+-------------+------+------+------------+----------+--------------+
; Worst-case tpd               ; N/A   ; None          ; 10.540 ns   ; A[1] ; M[1] ; --         ; --       ; 0            ;
; Total number of failed paths ;       ;               ;             ;      ;      ;            ;          ; 0            ;
+------------------------------+-------+---------------+-------------+------+------+------------+----------+--------------+


+--------------------------------------------------------------------------------------------------------------------+
; Timing Analyzer Settings                                                                                           ;
+---------------------------------------------------------------------+--------------------+------+----+-------------+
; Option                                                              ; Setting            ; From ; To ; Entity Name ;
+---------------------------------------------------------------------+--------------------+------+----+-------------+
; Device Name                                                         ; EP2S15F484C3       ;      ;    ;             ;
; Timing Models                                                       ; Final              ;      ;    ;             ;
; Default hold multicycle                                             ; Same as Multicycle ;      ;    ;             ;
; Cut paths between unrelated clock domains                           ; On                 ;      ;    ;             ;
; Cut off read during write signal paths                              ; On                 ;      ;    ;             ;
; Cut off feedback from I/O pins                                      ; On                 ;      ;    ;             ;
; Report Combined Fast/Slow Timing                                    ; Off                ;      ;    ;             ;
; Ignore Clock Settings                                               ; Off                ;      ;    ;             ;
; Analyze latches as synchronous elements                             ; On                 ;      ;    ;             ;
; Enable Recovery/Removal analysis                                    ; Off                ;      ;    ;             ;
; Enable Clock Latency                                                ; Off                ;      ;    ;             ;
; Use TimeQuest Timing Analyzer                                       ; Off                ;      ;    ;             ;
; Number of source nodes to report per destination node               ; 10                 ;      ;    ;             ;
; Number of destination nodes to report                               ; 10                 ;      ;    ;             ;
; Number of paths to report                                           ; 200                ;      ;    ;             ;
; Report Minimum Timing Checks                                        ; Off                ;      ;    ;             ;
; Use Fast Timing Models                                              ; Off                ;      ;    ;             ;
; Report IO Paths Separately                                          ; Off                ;      ;    ;             ;
; Perform Multicorner Analysis                                        ; On                 ;      ;    ;             ;
; Reports the worst-case path for each clock domain and analysis      ; Off                ;      ;    ;             ;
; Removes common clock path pessimism (CCPP) during slack computation ; Off                ;      ;    ;             ;
; Output I/O Timing Endpoint                                          ; Near End           ;      ;    ;             ;
+---------------------------------------------------------------------+--------------------+------+----+-------------+


+------------------------------------------+
; Parallel Compilation                     ;
+----------------------------+-------------+
; Processors                 ; Number      ;
+----------------------------+-------------+
; Number detected on machine ; 4           ;
; Maximum allowed            ; 4           ;
;                            ;             ;
; Average used               ; 1.00        ;
; Maximum used               ; 1           ;
;                            ;             ;
; Usage by Processor         ; % Time Used ;
;     1 processor            ; 100.0%      ;
;     2-4 processors         ;   0.0%      ;
+----------------------------+-------------+


+--------------------------------------------------------------+
; tpd                                                          ;
+-------+-------------------+-----------------+---------+------+
; Slack ; Required P2P Time ; Actual P2P Time ; From    ; To   ;
+-------+-------------------+-----------------+---------+------+
; N/A   ; None              ; 10.540 ns       ; A[1]    ; M[1] ;
; N/A   ; None              ; 10.500 ns       ; B[0]    ; M[1] ;
; N/A   ; None              ; 10.148 ns       ; CONTROL ; M[1] ;
; N/A   ; None              ; 9.984 ns        ; B[1]    ; M[1] ;
; N/A   ; None              ; 9.960 ns        ; A[0]    ; M[1] ;
; N/A   ; None              ; 9.732 ns        ; S1      ; M[1] ;
; N/A   ; None              ; 9.580 ns        ; S0      ; M[1] ;
; N/A   ; None              ; 9.287 ns        ; A[1]    ; M[3] ;
; N/A   ; None              ; 9.129 ns        ; B[0]    ; M[3] ;
; N/A   ; None              ; 9.109 ns        ; A[1]    ; M[2] ;
; N/A   ; None              ; 8.951 ns        ; B[0]    ; M[2] ;
; N/A   ; None              ; 8.850 ns        ; B[1]    ; M[3] ;
; N/A   ; None              ; 8.802 ns        ; CONTROL ; M[3] ;
; N/A   ; None              ; 8.767 ns        ; A[0]    ; M[3] ;
; N/A   ; None              ; 8.672 ns        ; B[1]    ; M[2] ;
; N/A   ; None              ; 8.624 ns        ; CONTROL ; M[2] ;
; N/A   ; None              ; 8.589 ns        ; A[0]    ; M[2] ;
; N/A   ; None              ; 8.552 ns        ; B[2]    ; M[3] ;
; N/A   ; None              ; 8.340 ns        ; A[3]    ; M[3] ;
; N/A   ; None              ; 8.296 ns        ; B[2]    ; M[2] ;
; N/A   ; None              ; 8.081 ns        ; A[2]    ; M[3] ;
; N/A   ; None              ; 7.924 ns        ; S1      ; M[2] ;
; N/A   ; None              ; 7.920 ns        ; B[0]    ; M[0] ;
; N/A   ; None              ; 7.851 ns        ; B[3]    ; M[3] ;
; N/A   ; None              ; 7.823 ns        ; A[2]    ; M[2] ;
; N/A   ; None              ; 7.789 ns        ; S1      ; M[3] ;
; N/A   ; None              ; 7.730 ns        ; S0      ; M[3] ;
; N/A   ; None              ; 7.724 ns        ; S0      ; M[2] ;
; N/A   ; None              ; 7.558 ns        ; A[0]    ; M[0] ;
; N/A   ; None              ; 7.417 ns        ; S1      ; M[0] ;
; N/A   ; None              ; 7.158 ns        ; S0      ; M[0] ;
+-------+-------------------+-----------------+---------+------+


+--------------------------+
; Timing Analyzer Messages ;
+--------------------------+
Info: *******************************************************************
Info: Running Quartus II 64-Bit Classic Timing Analyzer
    Info: Version 9.0 Build 132 02/25/2009 SJ Full Version
    Info: Processing started: Mon Dec 06 10:54:40 2021
Info: Command: quartus_tan --read_settings_files=off --write_settings_files=off ALU4BIT_4CN -c ALU4BIT_4CN --timing_analysis_only
Info: Parallel compilation is enabled and will use 4 of the 4 processors detected
Info: Longest tpd from source pin "A[1]" to destination pin "M[1]" is 10.540 ns
    Info: 1: + IC(0.000 ns) + CELL(0.817 ns) = 0.817 ns; Loc. = PIN_H16; Fanout = 2; PIN Node = 'A[1]'
    Info: 2: + IC(4.614 ns) + CELL(0.366 ns) = 5.797 ns; Loc. = LCCOMB_X5_Y1_N2; Fanout = 1; COMB Node = 'ALU1BIT_4CN:inst2|MUX4_1_1BIT:inst|inst6~1'
    Info: 3: + IC(2.811 ns) + CELL(1.932 ns) = 10.540 ns; Loc. = PIN_G13; Fanout = 0; PIN Node = 'M[1]'
    Info: Total cell delay = 3.115 ns ( 29.55 % )
    Info: Total interconnect delay = 7.425 ns ( 70.45 % )
Info: Quartus II 64-Bit Classic Timing Analyzer was successful. 0 errors, 0 warnings
    Info: Peak virtual memory: 4373 megabytes
    Info: Processing ended: Mon Dec 06 10:54:40 2021
    Info: Elapsed time: 00:00:00
    Info: Total CPU time (on all processors): 00:00:00


