Classic Timing Analyzer report for CONG4BIT
Mon Dec 06 13:04:26 2021
Quartus II 64-Bit Version 9.0 Build 132 02/25/2009 SJ Full Version


---------------------
; Table of Contents ;
---------------------
  1. Legal Notice
  2. Timing Analyzer Summary
  3. Timing Analyzer Settings
  4. Parallel Compilation
  5. tpd
  6. Timing Analyzer Messages



----------------
; Legal Notice ;
----------------
Copyright (C) 1991-2009 Altera Corporation
Your use of Altera Corporation's design tools, logic functions 
and other software and tools, and its AMPP partner logic 
functions, and any output files from any of the foregoing 
(including device programming or simulation files), and any 
associated documentation or information are expressly subject 
to the terms and conditions of the Altera Program License 
Subscription Agreement, Altera MegaCore Function License 
Agreement, or other applicable license agreement, including, 
without limitation, that your use is for the sole purpose of 
programming logic devices manufactured by Altera and sold by 
Altera or its authorized distributors.  Please refer to the 
applicable agreement for further details.



+-------------------------------------------------------------------------------------------------------------------------+
; Timing Analyzer Summary                                                                                                 ;
+------------------------------+-------+---------------+-------------+------+------+------------+----------+--------------+
; Type                         ; Slack ; Required Time ; Actual Time ; From ; To   ; From Clock ; To Clock ; Failed Paths ;
+------------------------------+-------+---------------+-------------+------+------+------------+----------+--------------+
; Worst-case tpd               ; N/A   ; None          ; 10.299 ns   ; B[2] ; S[3] ; --         ; --       ; 0            ;
; Total number of failed paths ;       ;               ;             ;      ;      ;            ;          ; 0            ;
+------------------------------+-------+---------------+-------------+------+------+------------+----------+--------------+


+--------------------------------------------------------------------------------------------------------------------+
; Timing Analyzer Settings                                                                                           ;
+---------------------------------------------------------------------+--------------------+------+----+-------------+
; Option                                                              ; Setting            ; From ; To ; Entity Name ;
+---------------------------------------------------------------------+--------------------+------+----+-------------+
; Device Name                                                         ; EP2S15F484C3       ;      ;    ;             ;
; Timing Models                                                       ; Final              ;      ;    ;             ;
; Default hold multicycle                                             ; Same as Multicycle ;      ;    ;             ;
; Cut paths between unrelated clock domains                           ; On                 ;      ;    ;             ;
; Cut off read during write signal paths                              ; On                 ;      ;    ;             ;
; Cut off feedback from I/O pins                                      ; On                 ;      ;    ;             ;
; Report Combined Fast/Slow Timing                                    ; Off                ;      ;    ;             ;
; Ignore Clock Settings                                               ; Off                ;      ;    ;             ;
; Analyze latches as synchronous elements                             ; On                 ;      ;    ;             ;
; Enable Recovery/Removal analysis                                    ; Off                ;      ;    ;             ;
; Enable Clock Latency                                                ; Off                ;      ;    ;             ;
; Use TimeQuest Timing Analyzer                                       ; Off                ;      ;    ;             ;
; Number of source nodes to report per destination node               ; 10                 ;      ;    ;             ;
; Number of destination nodes to report                               ; 10                 ;      ;    ;             ;
; Number of paths to report                                           ; 200                ;      ;    ;             ;
; Report Minimum Timing Checks                                        ; Off                ;      ;    ;             ;
; Use Fast Timing Models                                              ; Off                ;      ;    ;             ;
; Report IO Paths Separately                                          ; Off                ;      ;    ;             ;
; Perform Multicorner Analysis                                        ; On                 ;      ;    ;             ;
; Reports the worst-case path for each clock domain and analysis      ; Off                ;      ;    ;             ;
; Removes common clock path pessimism (CCPP) during slack computation ; Off                ;      ;    ;             ;
; Output I/O Timing Endpoint                                          ; Near End           ;      ;    ;             ;
+---------------------------------------------------------------------+--------------------+------+----+-------------+


+------------------------------------------+
; Parallel Compilation                     ;
+----------------------------+-------------+
; Processors                 ; Number      ;
+----------------------------+-------------+
; Number detected on machine ; 4           ;
; Maximum allowed            ; 4           ;
;                            ;             ;
; Average used               ; 1.00        ;
; Maximum used               ; 1           ;
;                            ;             ;
; Usage by Processor         ; % Time Used ;
;     1 processor            ; 100.0%      ;
;     2-4 processors         ;   0.0%      ;
+----------------------------+-------------+


+-----------------------------------------------------------+
; tpd                                                       ;
+-------+-------------------+-----------------+------+------+
; Slack ; Required P2P Time ; Actual P2P Time ; From ; To   ;
+-------+-------------------+-----------------+------+------+
; N/A   ; None              ; 10.299 ns       ; B[2] ; S[3] ;
; N/A   ; None              ; 10.170 ns       ; B[0] ; S[3] ;
; N/A   ; None              ; 10.170 ns       ; A[0] ; S[3] ;
; N/A   ; None              ; 10.054 ns       ; A[1] ; S[3] ;
; N/A   ; None              ; 9.998 ns        ; A[2] ; S[3] ;
; N/A   ; None              ; 9.854 ns        ; B[1] ; S[3] ;
; N/A   ; None              ; 9.817 ns        ; A[3] ; S[3] ;
; N/A   ; None              ; 9.615 ns        ; B[3] ; S[3] ;
; N/A   ; None              ; 9.523 ns        ; B[2] ; S[2] ;
; N/A   ; None              ; 9.395 ns        ; B[0] ; S[1] ;
; N/A   ; None              ; 9.395 ns        ; A[0] ; S[1] ;
; N/A   ; None              ; 9.393 ns        ; B[0] ; S[2] ;
; N/A   ; None              ; 9.393 ns        ; A[0] ; S[2] ;
; N/A   ; None              ; 9.279 ns        ; A[1] ; S[1] ;
; N/A   ; None              ; 9.277 ns        ; A[1] ; S[2] ;
; N/A   ; None              ; 9.222 ns        ; A[2] ; S[2] ;
; N/A   ; None              ; 9.181 ns        ; B[2] ; S[4] ;
; N/A   ; None              ; 9.180 ns        ; B[0] ; S[4] ;
; N/A   ; None              ; 9.180 ns        ; A[0] ; S[4] ;
; N/A   ; None              ; 9.174 ns        ; A[0] ; S[0] ;
; N/A   ; None              ; 9.132 ns        ; A[3] ; S[4] ;
; N/A   ; None              ; 9.077 ns        ; B[1] ; S[2] ;
; N/A   ; None              ; 9.064 ns        ; A[1] ; S[4] ;
; N/A   ; None              ; 9.045 ns        ; B[1] ; S[1] ;
; N/A   ; None              ; 9.016 ns        ; B[0] ; S[0] ;
; N/A   ; None              ; 8.864 ns        ; B[1] ; S[4] ;
; N/A   ; None              ; 8.821 ns        ; B[3] ; S[4] ;
; N/A   ; None              ; 8.819 ns        ; A[2] ; S[4] ;
+-------+-------------------+-----------------+------+------+


+--------------------------+
; Timing Analyzer Messages ;
+--------------------------+
Info: *******************************************************************
Info: Running Quartus II 64-Bit Classic Timing Analyzer
    Info: Version 9.0 Build 132 02/25/2009 SJ Full Version
    Info: Processing started: Mon Dec 06 13:04:25 2021
Info: Command: quartus_tan --read_settings_files=off --write_settings_files=off CONG4BIT -c CONG4BIT --timing_analysis_only
Info: Parallel compilation is enabled and will use 4 of the 4 processors detected
Info: Longest tpd from source pin "B[2]" to destination pin "S[3]" is 10.299 ns
    Info: 1: + IC(0.000 ns) + CELL(0.810 ns) = 0.810 ns; Loc. = PIN_K19; Fanout = 3; PIN Node = 'B[2]'
    Info: 2: + IC(4.675 ns) + CELL(0.346 ns) = 5.831 ns; Loc. = LCCOMB_X22_Y10_N24; Fanout = 1; COMB Node = 'FA:inst3|inst6'
    Info: 3: + IC(2.344 ns) + CELL(2.124 ns) = 10.299 ns; Loc. = PIN_J5; Fanout = 0; PIN Node = 'S[3]'
    Info: Total cell delay = 3.280 ns ( 31.85 % )
    Info: Total interconnect delay = 7.019 ns ( 68.15 % )
Info: Quartus II 64-Bit Classic Timing Analyzer was successful. 0 errors, 0 warnings
    Info: Peak virtual memory: 4373 megabytes
    Info: Processing ended: Mon Dec 06 13:04:26 2021
    Info: Elapsed time: 00:00:01
    Info: Total CPU time (on all processors): 00:00:00


