Classic Timing Analyzer report for BODEM4BIT
Fri Dec 10 16:11:18 2021
Quartus II 64-Bit Version 9.0 Build 132 02/25/2009 SJ Full Version


---------------------
; Table of Contents ;
---------------------
  1. Legal Notice
  2. Timing Analyzer Summary
  3. Timing Analyzer Settings
  4. Clock Settings Summary
  5. Parallel Compilation
  6. Clock Setup: 'Clock'
  7. tsu
  8. tco
  9. th
 10. Timing Analyzer Messages



----------------
; Legal Notice ;
----------------
Copyright (C) 1991-2009 Altera Corporation
Your use of Altera Corporation's design tools, logic functions 
and other software and tools, and its AMPP partner logic 
functions, and any output files from any of the foregoing 
(including device programming or simulation files), and any 
associated documentation or information are expressly subject 
to the terms and conditions of the Altera Program License 
Subscription Agreement, Altera MegaCore Function License 
Agreement, or other applicable license agreement, including, 
without limitation, that your use is for the sole purpose of 
programming logic devices manufactured by Altera and sold by 
Altera or its authorized distributors.  Please refer to the 
applicable agreement for further details.



+---------------------------------------------------------------------------------------------------------------------------------------------------------------+
; Timing Analyzer Summary                                                                                                                                       ;
+------------------------------+-------+---------------+------------------------------------------------+--------+-------+------------+----------+--------------+
; Type                         ; Slack ; Required Time ; Actual Time                                    ; From   ; To    ; From Clock ; To Clock ; Failed Paths ;
+------------------------------+-------+---------------+------------------------------------------------+--------+-------+------------+----------+--------------+
; Worst-case tsu               ; N/A   ; None          ; 2.979 ns                                       ; Enable ; inst5 ; --         ; Clock    ; 0            ;
; Worst-case tco               ; N/A   ; None          ; 6.387 ns                                       ; inst4  ; Q[2]  ; Clock      ; --       ; 0            ;
; Worst-case th                ; N/A   ; None          ; -2.345 ns                                      ; Enable ; inst  ; --         ; Clock    ; 0            ;
; Clock Setup: 'Clock'         ; N/A   ; None          ; Restricted to 500.00 MHz ( period = 2.000 ns ) ; inst3  ; inst5 ; Clock      ; Clock    ; 0            ;
; Total number of failed paths ;       ;               ;                                                ;        ;       ;            ;          ; 0            ;
+------------------------------+-------+---------------+------------------------------------------------+--------+-------+------------+----------+--------------+


+--------------------------------------------------------------------------------------------------------------------+
; Timing Analyzer Settings                                                                                           ;
+---------------------------------------------------------------------+--------------------+------+----+-------------+
; Option                                                              ; Setting            ; From ; To ; Entity Name ;
+---------------------------------------------------------------------+--------------------+------+----+-------------+
; Device Name                                                         ; EP2S15F484C3       ;      ;    ;             ;
; Timing Models                                                       ; Final              ;      ;    ;             ;
; Default hold multicycle                                             ; Same as Multicycle ;      ;    ;             ;
; Cut paths between unrelated clock domains                           ; On                 ;      ;    ;             ;
; Cut off read during write signal paths                              ; On                 ;      ;    ;             ;
; Cut off feedback from I/O pins                                      ; On                 ;      ;    ;             ;
; Report Combined Fast/Slow Timing                                    ; Off                ;      ;    ;             ;
; Ignore Clock Settings                                               ; Off                ;      ;    ;             ;
; Analyze latches as synchronous elements                             ; On                 ;      ;    ;             ;
; Enable Recovery/Removal analysis                                    ; Off                ;      ;    ;             ;
; Enable Clock Latency                                                ; Off                ;      ;    ;             ;
; Use TimeQuest Timing Analyzer                                       ; Off                ;      ;    ;             ;
; Number of source nodes to report per destination node               ; 10                 ;      ;    ;             ;
; Number of destination nodes to report                               ; 10                 ;      ;    ;             ;
; Number of paths to report                                           ; 200                ;      ;    ;             ;
; Report Minimum Timing Checks                                        ; Off                ;      ;    ;             ;
; Use Fast Timing Models                                              ; Off                ;      ;    ;             ;
; Report IO Paths Separately                                          ; Off                ;      ;    ;             ;
; Perform Multicorner Analysis                                        ; On                 ;      ;    ;             ;
; Reports the worst-case path for each clock domain and analysis      ; Off                ;      ;    ;             ;
; Removes common clock path pessimism (CCPP) during slack computation ; Off                ;      ;    ;             ;
; Output I/O Timing Endpoint                                          ; Near End           ;      ;    ;             ;
+---------------------------------------------------------------------+--------------------+------+----+-------------+


+------------------------------------------------------------------------------------------------------------------------------------------------------------------------------------+
; Clock Settings Summary                                                                                                                                                             ;
+-----------------+--------------------+----------+------------------+---------------+--------------+----------+-----------------------+---------------------+--------+--------------+
; Clock Node Name ; Clock Setting Name ; Type     ; Fmax Requirement ; Early Latency ; Late Latency ; Based on ; Multiply Base Fmax by ; Divide Base Fmax by ; Offset ; Phase offset ;
+-----------------+--------------------+----------+------------------+---------------+--------------+----------+-----------------------+---------------------+--------+--------------+
; Clock           ;                    ; User Pin ; None             ; 0.000 ns      ; 0.000 ns     ; --       ; N/A                   ; N/A                 ; N/A    ;              ;
+-----------------+--------------------+----------+------------------+---------------+--------------+----------+-----------------------+---------------------+--------+--------------+


+------------------------------------------+
; Parallel Compilation                     ;
+----------------------------+-------------+
; Processors                 ; Number      ;
+----------------------------+-------------+
; Number detected on machine ; 4           ;
; Maximum allowed            ; 4           ;
;                            ;             ;
; Average used               ; 1.00        ;
; Maximum used               ; 1           ;
;                            ;             ;
; Usage by Processor         ; % Time Used ;
;     1 processor            ; 100.0%      ;
;     2-4 processors         ;   0.0%      ;
+----------------------------+-------------+


+------------------------------------------------------------------------------------------------------------------------------------------------------------------------------------+
; Clock Setup: 'Clock'                                                                                                                                                               ;
+-------+------------------------------------------------+-------+-------+------------+----------+-----------------------------+---------------------------+-------------------------+
; Slack ; Actual fmax (period)                           ; From  ; To    ; From Clock ; To Clock ; Required Setup Relationship ; Required Longest P2P Time ; Actual Longest P2P Time ;
+-------+------------------------------------------------+-------+-------+------------+----------+-----------------------------+---------------------------+-------------------------+
; N/A   ; Restricted to 500.00 MHz ( period = 2.000 ns ) ; inst3 ; inst5 ; Clock      ; Clock    ; None                        ; None                      ; 0.701 ns                ;
; N/A   ; Restricted to 500.00 MHz ( period = 2.000 ns ) ; inst3 ; inst4 ; Clock      ; Clock    ; None                        ; None                      ; 0.700 ns                ;
; N/A   ; Restricted to 500.00 MHz ( period = 2.000 ns ) ; inst4 ; inst5 ; Clock      ; Clock    ; None                        ; None                      ; 0.672 ns                ;
; N/A   ; Restricted to 500.00 MHz ( period = 2.000 ns ) ; inst  ; inst5 ; Clock      ; Clock    ; None                        ; None                      ; 0.447 ns                ;
; N/A   ; Restricted to 500.00 MHz ( period = 2.000 ns ) ; inst  ; inst4 ; Clock      ; Clock    ; None                        ; None                      ; 0.447 ns                ;
; N/A   ; Restricted to 500.00 MHz ( period = 2.000 ns ) ; inst  ; inst3 ; Clock      ; Clock    ; None                        ; None                      ; 0.440 ns                ;
; N/A   ; Restricted to 500.00 MHz ( period = 2.000 ns ) ; inst5 ; inst5 ; Clock      ; Clock    ; None                        ; None                      ; 0.396 ns                ;
; N/A   ; Restricted to 500.00 MHz ( period = 2.000 ns ) ; inst4 ; inst4 ; Clock      ; Clock    ; None                        ; None                      ; 0.396 ns                ;
; N/A   ; Restricted to 500.00 MHz ( period = 2.000 ns ) ; inst3 ; inst3 ; Clock      ; Clock    ; None                        ; None                      ; 0.396 ns                ;
; N/A   ; Restricted to 500.00 MHz ( period = 2.000 ns ) ; inst  ; inst  ; Clock      ; Clock    ; None                        ; None                      ; 0.396 ns                ;
+-------+------------------------------------------------+-------+-------+------------+----------+-----------------------------+---------------------------+-------------------------+


+---------------------------------------------------------------+
; tsu                                                           ;
+-------+--------------+------------+--------+-------+----------+
; Slack ; Required tsu ; Actual tsu ; From   ; To    ; To Clock ;
+-------+--------------+------------+--------+-------+----------+
; N/A   ; None         ; 2.979 ns   ; Enable ; inst5 ; Clock    ;
; N/A   ; None         ; 2.978 ns   ; Enable ; inst4 ; Clock    ;
; N/A   ; None         ; 2.842 ns   ; Enable ; inst3 ; Clock    ;
; N/A   ; None         ; 2.584 ns   ; Enable ; inst  ; Clock    ;
+-------+--------------+------------+--------+-------+----------+


+---------------------------------------------------------------+
; tco                                                           ;
+-------+--------------+------------+-------+------+------------+
; Slack ; Required tco ; Actual tco ; From  ; To   ; From Clock ;
+-------+--------------+------------+-------+------+------------+
; N/A   ; None         ; 6.387 ns   ; inst4 ; Q[2] ; Clock      ;
; N/A   ; None         ; 6.316 ns   ; inst5 ; Q[3] ; Clock      ;
; N/A   ; None         ; 5.090 ns   ; inst  ; Q[0] ; Clock      ;
; N/A   ; None         ; 5.049 ns   ; inst3 ; Q[1] ; Clock      ;
+-------+--------------+------------+-------+------+------------+


+---------------------------------------------------------------------+
; th                                                                  ;
+---------------+-------------+-----------+--------+-------+----------+
; Minimum Slack ; Required th ; Actual th ; From   ; To    ; To Clock ;
+---------------+-------------+-----------+--------+-------+----------+
; N/A           ; None        ; -2.345 ns ; Enable ; inst  ; Clock    ;
; N/A           ; None        ; -2.603 ns ; Enable ; inst3 ; Clock    ;
; N/A           ; None        ; -2.739 ns ; Enable ; inst4 ; Clock    ;
; N/A           ; None        ; -2.740 ns ; Enable ; inst5 ; Clock    ;
+---------------+-------------+-----------+--------+-------+----------+


+--------------------------+
; Timing Analyzer Messages ;
+--------------------------+
Info: *******************************************************************
Info: Running Quartus II 64-Bit Classic Timing Analyzer
    Info: Version 9.0 Build 132 02/25/2009 SJ Full Version
    Info: Processing started: Fri Dec 10 16:11:18 2021
Info: Command: quartus_tan --read_settings_files=off --write_settings_files=off BODEM4BIT -c BODEM4BIT --timing_analysis_only
Info: Parallel compilation is enabled and will use 4 of the 4 processors detected
Warning: Found pins functioning as undefined clocks and/or memory enables
    Info: Assuming node "Clock" is an undefined clock
Info: Clock "Clock" Internal fmax is restricted to 500.0 MHz between source register "inst3" and destination register "inst5"
    Info: fmax restricted to clock pin edge rate 2.0 ns. Expand message to see actual delay path.
        Info: + Longest register to register delay is 0.701 ns
            Info: 1: + IC(0.000 ns) + CELL(0.000 ns) = 0.000 ns; Loc. = LCFF_X15_Y2_N27; Fanout = 4; REG Node = 'inst3'
            Info: 2: + IC(0.274 ns) + CELL(0.272 ns) = 0.546 ns; Loc. = LCCOMB_X15_Y2_N2; Fanout = 1; COMB Node = 'inst5~1'
            Info: 3: + IC(0.000 ns) + CELL(0.155 ns) = 0.701 ns; Loc. = LCFF_X15_Y2_N3; Fanout = 2; REG Node = 'inst5'
            Info: Total cell delay = 0.427 ns ( 60.91 % )
            Info: Total interconnect delay = 0.274 ns ( 39.09 % )
        Info: - Smallest clock skew is 0.000 ns
            Info: + Shortest clock path from clock "Clock" to destination register is 2.471 ns
                Info: 1: + IC(0.000 ns) + CELL(0.854 ns) = 0.854 ns; Loc. = PIN_N20; Fanout = 1; CLK Node = 'Clock'
                Info: 2: + IC(0.343 ns) + CELL(0.000 ns) = 1.197 ns; Loc. = CLKCTRL_G3; Fanout = 4; COMB Node = 'Clock~clkctrl'
                Info: 3: + IC(0.656 ns) + CELL(0.618 ns) = 2.471 ns; Loc. = LCFF_X15_Y2_N3; Fanout = 2; REG Node = 'inst5'
                Info: Total cell delay = 1.472 ns ( 59.57 % )
                Info: Total interconnect delay = 0.999 ns ( 40.43 % )
            Info: - Longest clock path from clock "Clock" to source register is 2.471 ns
                Info: 1: + IC(0.000 ns) + CELL(0.854 ns) = 0.854 ns; Loc. = PIN_N20; Fanout = 1; CLK Node = 'Clock'
                Info: 2: + IC(0.343 ns) + CELL(0.000 ns) = 1.197 ns; Loc. = CLKCTRL_G3; Fanout = 4; COMB Node = 'Clock~clkctrl'
                Info: 3: + IC(0.656 ns) + CELL(0.618 ns) = 2.471 ns; Loc. = LCFF_X15_Y2_N27; Fanout = 4; REG Node = 'inst3'
                Info: Total cell delay = 1.472 ns ( 59.57 % )
                Info: Total interconnect delay = 0.999 ns ( 40.43 % )
        Info: + Micro clock to output delay of source is 0.094 ns
        Info: + Micro setup delay of destination is 0.090 ns
Info: tsu for register "inst5" (data pin = "Enable", clock pin = "Clock") is 2.979 ns
    Info: + Longest pin to register delay is 5.360 ns
        Info: 1: + IC(0.000 ns) + CELL(0.830 ns) = 0.830 ns; Loc. = PIN_W20; Fanout = 4; PIN Node = 'Enable'
        Info: 2: + IC(3.997 ns) + CELL(0.378 ns) = 5.205 ns; Loc. = LCCOMB_X15_Y2_N2; Fanout = 1; COMB Node = 'inst5~1'
        Info: 3: + IC(0.000 ns) + CELL(0.155 ns) = 5.360 ns; Loc. = LCFF_X15_Y2_N3; Fanout = 2; REG Node = 'inst5'
        Info: Total cell delay = 1.363 ns ( 25.43 % )
        Info: Total interconnect delay = 3.997 ns ( 74.57 % )
    Info: + Micro setup delay of destination is 0.090 ns
    Info: - Shortest clock path from clock "Clock" to destination register is 2.471 ns
        Info: 1: + IC(0.000 ns) + CELL(0.854 ns) = 0.854 ns; Loc. = PIN_N20; Fanout = 1; CLK Node = 'Clock'
        Info: 2: + IC(0.343 ns) + CELL(0.000 ns) = 1.197 ns; Loc. = CLKCTRL_G3; Fanout = 4; COMB Node = 'Clock~clkctrl'
        Info: 3: + IC(0.656 ns) + CELL(0.618 ns) = 2.471 ns; Loc. = LCFF_X15_Y2_N3; Fanout = 2; REG Node = 'inst5'
        Info: Total cell delay = 1.472 ns ( 59.57 % )
        Info: Total interconnect delay = 0.999 ns ( 40.43 % )
Info: tco from clock "Clock" to destination pin "Q[2]" through register "inst4" is 6.387 ns
    Info: + Longest clock path from clock "Clock" to source register is 2.471 ns
        Info: 1: + IC(0.000 ns) + CELL(0.854 ns) = 0.854 ns; Loc. = PIN_N20; Fanout = 1; CLK Node = 'Clock'
        Info: 2: + IC(0.343 ns) + CELL(0.000 ns) = 1.197 ns; Loc. = CLKCTRL_G3; Fanout = 4; COMB Node = 'Clock~clkctrl'
        Info: 3: + IC(0.656 ns) + CELL(0.618 ns) = 2.471 ns; Loc. = LCFF_X15_Y2_N5; Fanout = 3; REG Node = 'inst4'
        Info: Total cell delay = 1.472 ns ( 59.57 % )
        Info: Total interconnect delay = 0.999 ns ( 40.43 % )
    Info: + Micro clock to output delay of source is 0.094 ns
    Info: + Longest register to pin delay is 3.822 ns
        Info: 1: + IC(0.000 ns) + CELL(0.000 ns) = 0.000 ns; Loc. = LCFF_X15_Y2_N5; Fanout = 3; REG Node = 'inst4'
        Info: 2: + IC(1.850 ns) + CELL(1.972 ns) = 3.822 ns; Loc. = PIN_B16; Fanout = 0; PIN Node = 'Q[2]'
        Info: Total cell delay = 1.972 ns ( 51.60 % )
        Info: Total interconnect delay = 1.850 ns ( 48.40 % )
Info: th for register "inst" (data pin = "Enable", clock pin = "Clock") is -2.345 ns
    Info: + Longest clock path from clock "Clock" to destination register is 2.471 ns
        Info: 1: + IC(0.000 ns) + CELL(0.854 ns) = 0.854 ns; Loc. = PIN_N20; Fanout = 1; CLK Node = 'Clock'
        Info: 2: + IC(0.343 ns) + CELL(0.000 ns) = 1.197 ns; Loc. = CLKCTRL_G3; Fanout = 4; COMB Node = 'Clock~clkctrl'
        Info: 3: + IC(0.656 ns) + CELL(0.618 ns) = 2.471 ns; Loc. = LCFF_X15_Y2_N31; Fanout = 5; REG Node = 'inst'
        Info: Total cell delay = 1.472 ns ( 59.57 % )
        Info: Total interconnect delay = 0.999 ns ( 40.43 % )
    Info: + Micro hold delay of destination is 0.149 ns
    Info: - Shortest pin to register delay is 4.965 ns
        Info: 1: + IC(0.000 ns) + CELL(0.830 ns) = 0.830 ns; Loc. = PIN_W20; Fanout = 4; PIN Node = 'Enable'
        Info: 2: + IC(3.927 ns) + CELL(0.053 ns) = 4.810 ns; Loc. = LCCOMB_X15_Y2_N30; Fanout = 1; COMB Node = 'inst~1'
        Info: 3: + IC(0.000 ns) + CELL(0.155 ns) = 4.965 ns; Loc. = LCFF_X15_Y2_N31; Fanout = 5; REG Node = 'inst'
        Info: Total cell delay = 1.038 ns ( 20.91 % )
        Info: Total interconnect delay = 3.927 ns ( 79.09 % )
Info: Quartus II 64-Bit Classic Timing Analyzer was successful. 0 errors, 1 warning
    Info: Peak virtual memory: 4373 megabytes
    Info: Processing ended: Fri Dec 10 16:11:18 2021
    Info: Elapsed time: 00:00:00
    Info: Total CPU time (on all processors): 00:00:00


