Simulator report for RAM8BYTE
Fri Dec 10 16:49:31 2021
Quartus II 64-Bit Version 9.0 Build 132 02/25/2009 SJ Full Version


---------------------
; Table of Contents ;
---------------------
  1. Legal Notice
  2. Simulator Summary
  3. Simulator Settings
  4. Simulation Waveforms
  5. |RAM8BYTE|RAM:inst|altsyncram:altsyncram_component|altsyncram_8pa1:auto_generated|ALTSYNCRAM
  6. Coverage Summary
  7. Complete 1/0-Value Coverage
  8. Missing 1-Value Coverage
  9. Missing 0-Value Coverage
 10. Simulator INI Usage
 11. Simulator Messages



----------------
; Legal Notice ;
----------------
Copyright (C) 1991-2009 Altera Corporation
Your use of Altera Corporation's design tools, logic functions 
and other software and tools, and its AMPP partner logic 
functions, and any output files from any of the foregoing 
(including device programming or simulation files), and any 
associated documentation or information are expressly subject 
to the terms and conditions of the Altera Program License 
Subscription Agreement, Altera MegaCore Function License 
Agreement, or other applicable license agreement, including, 
without limitation, that your use is for the sole purpose of 
programming logic devices manufactured by Altera and sold by 
Altera or its authorized distributors.  Please refer to the 
applicable agreement for further details.



+--------------------------------------------+
; Simulator Summary                          ;
+-----------------------------+--------------+
; Type                        ; Value        ;
+-----------------------------+--------------+
; Simulation Start Time       ; 0 ps         ;
; Simulation End Time         ; 1.0 us       ;
; Simulation Netlist Size     ; 23 nodes     ;
; Simulation Coverage         ;      96.67 % ;
; Total Number of Transitions ; 420          ;
; Simulation Breakpoints      ; 0            ;
; Family                      ; Stratix II   ;
; Device                      ; EP2S15F484C3 ;
+-----------------------------+--------------+


+---------------------------------------------------------------------------------------------------------------------------+
; Simulator Settings                                                                                                        ;
+--------------------------------------------------------------------------------------------+--------------+---------------+
; Option                                                                                     ; Setting      ; Default Value ;
+--------------------------------------------------------------------------------------------+--------------+---------------+
; Simulation mode                                                                            ; Timing       ; Timing        ;
; Start time                                                                                 ; 0 ns         ; 0 ns          ;
; Simulation results format                                                                  ; CVWF         ;               ;
; Vector input source                                                                        ; RAM8BYTE.vwf ;               ;
; Add pins automatically to simulation output waveforms                                      ; On           ; On            ;
; Check outputs                                                                              ; Off          ; Off           ;
; Report simulation coverage                                                                 ; On           ; On            ;
; Display complete 1/0 value coverage report                                                 ; On           ; On            ;
; Display missing 1-value coverage report                                                    ; On           ; On            ;
; Display missing 0-value coverage report                                                    ; On           ; On            ;
; Detect setup and hold time violations                                                      ; Off          ; Off           ;
; Detect glitches                                                                            ; Off          ; Off           ;
; Disable timing delays in Timing Simulation                                                 ; Off          ; Off           ;
; Generate Signal Activity File                                                              ; Off          ; Off           ;
; Generate VCD File for PowerPlay Power Analyzer                                             ; Off          ; Off           ;
; Group bus channels in simulation results                                                   ; Off          ; Off           ;
; Preserve fewer signal transitions to reduce memory requirements                            ; On           ; On            ;
; Trigger vector comparison with the specified mode                                          ; INPUT_EDGE   ; INPUT_EDGE    ;
; Disable setup and hold time violations detection in input registers of bi-directional pins ; Off          ; Off           ;
; Overwrite Waveform Inputs With Simulation Outputs                                          ; Off          ;               ;
; Perform Glitch Filtering in Timing Simulation                                              ; Auto         ; Auto          ;
+--------------------------------------------------------------------------------------------+--------------+---------------+


+----------------------+
; Simulation Waveforms ;
+----------------------+
Waveform report data cannot be output to ASCII.
Please use Quartus II 64-Bit to view the waveform report data.


+----------------------------------------------------------------------------------------------+
; |RAM8BYTE|RAM:inst|altsyncram:altsyncram_component|altsyncram_8pa1:auto_generated|ALTSYNCRAM ;
+----------------------------------------------------------------------------------------------+
Memory report data cannot be output to ASCII.
Please use Quartus II 64-Bit to view the memory report data.


+--------------------------------------------------------------------+
; Coverage Summary                                                   ;
+-----------------------------------------------------+--------------+
; Type                                                ; Value        ;
+-----------------------------------------------------+--------------+
; Total coverage as a percentage                      ;      96.67 % ;
; Total nodes checked                                 ; 23           ;
; Total output ports checked                          ; 30           ;
; Total output ports with complete 1/0-value coverage ; 29           ;
; Total output ports with no 1/0-value coverage       ; 0            ;
; Total output ports with no 1-value coverage         ; 1            ;
; Total output ports with no 0-value coverage         ; 0            ;
+-----------------------------------------------------+--------------+


The following table displays output ports that toggle between 1 and 0 during simulation.
+--------------------------------------------------------------------------------------------------------------------------------------------------------------------------------------------------------------+
; Complete 1/0-Value Coverage                                                                                                                                                                                  ;
+------------------------------------------------------------------------------------------------+------------------------------------------------------------------------------------------+------------------+
; Node Name                                                                                      ; Output Port Name                                                                         ; Output Port Type ;
+------------------------------------------------------------------------------------------------+------------------------------------------------------------------------------------------+------------------+
; |RAM8BYTE|RAM:inst|altsyncram:altsyncram_component|altsyncram_8pa1:auto_generated|ram_block1a0 ; |RAM8BYTE|RAM:inst|altsyncram:altsyncram_component|altsyncram_8pa1:auto_generated|q_a[0] ; portadataout0    ;
; |RAM8BYTE|RAM:inst|altsyncram:altsyncram_component|altsyncram_8pa1:auto_generated|ram_block1a0 ; |RAM8BYTE|RAM:inst|altsyncram:altsyncram_component|altsyncram_8pa1:auto_generated|q_a[1] ; portadataout1    ;
; |RAM8BYTE|RAM:inst|altsyncram:altsyncram_component|altsyncram_8pa1:auto_generated|ram_block1a0 ; |RAM8BYTE|RAM:inst|altsyncram:altsyncram_component|altsyncram_8pa1:auto_generated|q_a[2] ; portadataout2    ;
; |RAM8BYTE|RAM:inst|altsyncram:altsyncram_component|altsyncram_8pa1:auto_generated|ram_block1a0 ; |RAM8BYTE|RAM:inst|altsyncram:altsyncram_component|altsyncram_8pa1:auto_generated|q_a[3] ; portadataout3    ;
; |RAM8BYTE|RAM:inst|altsyncram:altsyncram_component|altsyncram_8pa1:auto_generated|ram_block1a0 ; |RAM8BYTE|RAM:inst|altsyncram:altsyncram_component|altsyncram_8pa1:auto_generated|q_a[4] ; portadataout4    ;
; |RAM8BYTE|RAM:inst|altsyncram:altsyncram_component|altsyncram_8pa1:auto_generated|ram_block1a0 ; |RAM8BYTE|RAM:inst|altsyncram:altsyncram_component|altsyncram_8pa1:auto_generated|q_a[5] ; portadataout5    ;
; |RAM8BYTE|RAM:inst|altsyncram:altsyncram_component|altsyncram_8pa1:auto_generated|ram_block1a0 ; |RAM8BYTE|RAM:inst|altsyncram:altsyncram_component|altsyncram_8pa1:auto_generated|q_a[6] ; portadataout6    ;
; |RAM8BYTE|RAM:inst|altsyncram:altsyncram_component|altsyncram_8pa1:auto_generated|ram_block1a0 ; |RAM8BYTE|RAM:inst|altsyncram:altsyncram_component|altsyncram_8pa1:auto_generated|q_a[7] ; portadataout7    ;
; |RAM8BYTE|q[7]                                                                                 ; |RAM8BYTE|q[7]                                                                           ; padio            ;
; |RAM8BYTE|q[6]                                                                                 ; |RAM8BYTE|q[6]                                                                           ; padio            ;
; |RAM8BYTE|q[5]                                                                                 ; |RAM8BYTE|q[5]                                                                           ; padio            ;
; |RAM8BYTE|q[4]                                                                                 ; |RAM8BYTE|q[4]                                                                           ; padio            ;
; |RAM8BYTE|q[3]                                                                                 ; |RAM8BYTE|q[3]                                                                           ; padio            ;
; |RAM8BYTE|q[2]                                                                                 ; |RAM8BYTE|q[2]                                                                           ; padio            ;
; |RAM8BYTE|q[1]                                                                                 ; |RAM8BYTE|q[1]                                                                           ; padio            ;
; |RAM8BYTE|q[0]                                                                                 ; |RAM8BYTE|q[0]                                                                           ; padio            ;
; |RAM8BYTE|clock                                                                                ; |RAM8BYTE|clock~corein                                                                   ; combout          ;
; |RAM8BYTE|data[7]                                                                              ; |RAM8BYTE|data[7]~corein                                                                 ; combout          ;
; |RAM8BYTE|address[0]                                                                           ; |RAM8BYTE|address[0]~corein                                                              ; combout          ;
; |RAM8BYTE|address[1]                                                                           ; |RAM8BYTE|address[1]~corein                                                              ; combout          ;
; |RAM8BYTE|address[2]                                                                           ; |RAM8BYTE|address[2]~corein                                                              ; combout          ;
; |RAM8BYTE|data[6]                                                                              ; |RAM8BYTE|data[6]~corein                                                                 ; combout          ;
; |RAM8BYTE|data[5]                                                                              ; |RAM8BYTE|data[5]~corein                                                                 ; combout          ;
; |RAM8BYTE|data[4]                                                                              ; |RAM8BYTE|data[4]~corein                                                                 ; combout          ;
; |RAM8BYTE|data[3]                                                                              ; |RAM8BYTE|data[3]~corein                                                                 ; combout          ;
; |RAM8BYTE|data[2]                                                                              ; |RAM8BYTE|data[2]~corein                                                                 ; combout          ;
; |RAM8BYTE|data[1]                                                                              ; |RAM8BYTE|data[1]~corein                                                                 ; combout          ;
; |RAM8BYTE|data[0]                                                                              ; |RAM8BYTE|data[0]~corein                                                                 ; combout          ;
; |RAM8BYTE|clock~clkctrl                                                                        ; |RAM8BYTE|clock~clkctrl                                                                  ; outclk           ;
+------------------------------------------------------------------------------------------------+------------------------------------------------------------------------------------------+------------------+


The following table displays output ports that do not toggle to 1 during simulation.
+-----------------------------------------------------------+
; Missing 1-Value Coverage                                  ;
+----------------+-----------------------+------------------+
; Node Name      ; Output Port Name      ; Output Port Type ;
+----------------+-----------------------+------------------+
; |RAM8BYTE|wren ; |RAM8BYTE|wren~corein ; combout          ;
+----------------+-----------------------+------------------+


The following table displays output ports that do not toggle to 0 during simulation.
+-------------------------------------------------+
; Missing 0-Value Coverage                        ;
+-----------+------------------+------------------+
; Node Name ; Output Port Name ; Output Port Type ;
+-----------+------------------+------------------+


+---------------------+
; Simulator INI Usage ;
+--------+------------+
; Option ; Usage      ;
+--------+------------+


+--------------------+
; Simulator Messages ;
+--------------------+
Info: *******************************************************************
Info: Running Quartus II 64-Bit Simulator
    Info: Version 9.0 Build 132 02/25/2009 SJ Full Version
    Info: Processing started: Fri Dec 10 16:49:31 2021
Info: Command: quartus_sim --read_settings_files=on --write_settings_files=off RAM8BYTE -c RAM8BYTE
Info: Using vector source file "D:/ctmt/RAM8BYTE/RAM8BYTE.vwf"
Info: Option to preserve fewer signal transitions to reduce memory requirements is enabled
    Info: Simulation has been partitioned into sub-simulations according to the maximum transition count determined by the engine. Transitions from memory will be flushed out to disk at the end of each sub-simulation to reduce memory requirements.
Info: Simulation partitioned into 1 sub-simulations
Info: Simulation coverage is      96.67 %
Info: Number of transitions in simulation is 420
Info: Quartus II 64-Bit Simulator was successful. 0 errors, 0 warnings
    Info: Peak virtual memory: 4322 megabytes
    Info: Processing ended: Fri Dec 10 16:49:32 2021
    Info: Elapsed time: 00:00:01
    Info: Total CPU time (on all processors): 00:00:00


