Classic Timing Analyzer report for THANHGHI4BIT
Fri Dec 10 16:23:03 2021
Quartus II 64-Bit Version 9.0 Build 132 02/25/2009 SJ Full Version


---------------------
; Table of Contents ;
---------------------
  1. Legal Notice
  2. Timing Analyzer Summary
  3. Timing Analyzer Settings
  4. Clock Settings Summary
  5. Parallel Compilation
  6. Clock Setup: 'Clock'
  7. tsu
  8. tco
  9. th
 10. Timing Analyzer Messages



----------------
; Legal Notice ;
----------------
Copyright (C) 1991-2009 Altera Corporation
Your use of Altera Corporation's design tools, logic functions 
and other software and tools, and its AMPP partner logic 
functions, and any output files from any of the foregoing 
(including device programming or simulation files), and any 
associated documentation or information are expressly subject 
to the terms and conditions of the Altera Program License 
Subscription Agreement, Altera MegaCore Function License 
Agreement, or other applicable license agreement, including, 
without limitation, that your use is for the sole purpose of 
programming logic devices manufactured by Altera and sold by 
Altera or its authorized distributors.  Please refer to the 
applicable agreement for further details.



+-------------------------------------------------------------------------------------------------------------------------------------------------------------+
; Timing Analyzer Summary                                                                                                                                     ;
+------------------------------+-------+---------------+------------------------------------------------+------+-------+------------+----------+--------------+
; Type                         ; Slack ; Required Time ; Actual Time                                    ; From ; To    ; From Clock ; To Clock ; Failed Paths ;
+------------------------------+-------+---------------+------------------------------------------------+------+-------+------------+----------+--------------+
; Worst-case tsu               ; N/A   ; None          ; 2.304 ns                                       ; D    ; inst  ; --         ; Clock    ; 0            ;
; Worst-case tco               ; N/A   ; None          ; 6.389 ns                                       ; inst ; Q[3]  ; Clock      ; --       ; 0            ;
; Worst-case th                ; N/A   ; None          ; -2.065 ns                                      ; D    ; inst  ; --         ; Clock    ; 0            ;
; Clock Setup: 'Clock'         ; N/A   ; None          ; Restricted to 500.00 MHz ( period = 2.000 ns ) ; inst ; inst1 ; Clock      ; Clock    ; 0            ;
; Total number of failed paths ;       ;               ;                                                ;      ;       ;            ;          ; 0            ;
+------------------------------+-------+---------------+------------------------------------------------+------+-------+------------+----------+--------------+


+--------------------------------------------------------------------------------------------------------------------+
; Timing Analyzer Settings                                                                                           ;
+---------------------------------------------------------------------+--------------------+------+----+-------------+
; Option                                                              ; Setting            ; From ; To ; Entity Name ;
+---------------------------------------------------------------------+--------------------+------+----+-------------+
; Device Name                                                         ; EP2S15F484C3       ;      ;    ;             ;
; Timing Models                                                       ; Final              ;      ;    ;             ;
; Default hold multicycle                                             ; Same as Multicycle ;      ;    ;             ;
; Cut paths between unrelated clock domains                           ; On                 ;      ;    ;             ;
; Cut off read during write signal paths                              ; On                 ;      ;    ;             ;
; Cut off feedback from I/O pins                                      ; On                 ;      ;    ;             ;
; Report Combined Fast/Slow Timing                                    ; Off                ;      ;    ;             ;
; Ignore Clock Settings                                               ; Off                ;      ;    ;             ;
; Analyze latches as synchronous elements                             ; On                 ;      ;    ;             ;
; Enable Recovery/Removal analysis                                    ; Off                ;      ;    ;             ;
; Enable Clock Latency                                                ; Off                ;      ;    ;             ;
; Use TimeQuest Timing Analyzer                                       ; Off                ;      ;    ;             ;
; Number of source nodes to report per destination node               ; 10                 ;      ;    ;             ;
; Number of destination nodes to report                               ; 10                 ;      ;    ;             ;
; Number of paths to report                                           ; 200                ;      ;    ;             ;
; Report Minimum Timing Checks                                        ; Off                ;      ;    ;             ;
; Use Fast Timing Models                                              ; Off                ;      ;    ;             ;
; Report IO Paths Separately                                          ; Off                ;      ;    ;             ;
; Perform Multicorner Analysis                                        ; On                 ;      ;    ;             ;
; Reports the worst-case path for each clock domain and analysis      ; Off                ;      ;    ;             ;
; Removes common clock path pessimism (CCPP) during slack computation ; Off                ;      ;    ;             ;
; Output I/O Timing Endpoint                                          ; Near End           ;      ;    ;             ;
+---------------------------------------------------------------------+--------------------+------+----+-------------+


+------------------------------------------------------------------------------------------------------------------------------------------------------------------------------------+
; Clock Settings Summary                                                                                                                                                             ;
+-----------------+--------------------+----------+------------------+---------------+--------------+----------+-----------------------+---------------------+--------+--------------+
; Clock Node Name ; Clock Setting Name ; Type     ; Fmax Requirement ; Early Latency ; Late Latency ; Based on ; Multiply Base Fmax by ; Divide Base Fmax by ; Offset ; Phase offset ;
+-----------------+--------------------+----------+------------------+---------------+--------------+----------+-----------------------+---------------------+--------+--------------+
; Clock           ;                    ; User Pin ; None             ; 0.000 ns      ; 0.000 ns     ; --       ; N/A                   ; N/A                 ; N/A    ;              ;
+-----------------+--------------------+----------+------------------+---------------+--------------+----------+-----------------------+---------------------+--------+--------------+


+------------------------------------------+
; Parallel Compilation                     ;
+----------------------------+-------------+
; Processors                 ; Number      ;
+----------------------------+-------------+
; Number detected on machine ; 4           ;
; Maximum allowed            ; 4           ;
;                            ;             ;
; Average used               ; 1.00        ;
; Maximum used               ; 1           ;
;                            ;             ;
; Usage by Processor         ; % Time Used ;
;     1 processor            ; 100.0%      ;
;     2-4 processors         ;   0.0%      ;
+----------------------------+-------------+


+------------------------------------------------------------------------------------------------------------------------------------------------------------------------------------+
; Clock Setup: 'Clock'                                                                                                                                                               ;
+-------+------------------------------------------------+-------+-------+------------+----------+-----------------------------+---------------------------+-------------------------+
; Slack ; Actual fmax (period)                           ; From  ; To    ; From Clock ; To Clock ; Required Setup Relationship ; Required Longest P2P Time ; Actual Longest P2P Time ;
+-------+------------------------------------------------+-------+-------+------------+----------+-----------------------------+---------------------------+-------------------------+
; N/A   ; Restricted to 500.00 MHz ( period = 2.000 ns ) ; inst  ; inst1 ; Clock      ; Clock    ; None                        ; None                      ; 0.565 ns                ;
; N/A   ; Restricted to 500.00 MHz ( period = 2.000 ns ) ; inst1 ; inst2 ; Clock      ; Clock    ; None                        ; None                      ; 0.423 ns                ;
+-------+------------------------------------------------+-------+-------+------------+----------+-----------------------------+---------------------------+-------------------------+


+------------------------------------------------------------+
; tsu                                                        ;
+-------+--------------+------------+------+------+----------+
; Slack ; Required tsu ; Actual tsu ; From ; To   ; To Clock ;
+-------+--------------+------------+------+------+----------+
; N/A   ; None         ; 2.304 ns   ; D    ; inst ; Clock    ;
+-------+--------------+------------+------+------+----------+


+---------------------------------------------------------------+
; tco                                                           ;
+-------+--------------+------------+-------+------+------------+
; Slack ; Required tco ; Actual tco ; From  ; To   ; From Clock ;
+-------+--------------+------------+-------+------+------------+
; N/A   ; None         ; 6.389 ns   ; inst  ; Q[3] ; Clock      ;
; N/A   ; None         ; 5.442 ns   ; inst1 ; Q[2] ; Clock      ;
; N/A   ; None         ; 5.026 ns   ; inst2 ; Q[1] ; Clock      ;
+-------+--------------+------------+-------+------+------------+


+------------------------------------------------------------------+
; th                                                               ;
+---------------+-------------+-----------+------+------+----------+
; Minimum Slack ; Required th ; Actual th ; From ; To   ; To Clock ;
+---------------+-------------+-----------+------+------+----------+
; N/A           ; None        ; -2.065 ns ; D    ; inst ; Clock    ;
+---------------+-------------+-----------+------+------+----------+


+--------------------------+
; Timing Analyzer Messages ;
+--------------------------+
Info: *******************************************************************
Info: Running Quartus II 64-Bit Classic Timing Analyzer
    Info: Version 9.0 Build 132 02/25/2009 SJ Full Version
    Info: Processing started: Fri Dec 10 16:23:03 2021
Info: Command: quartus_tan --read_settings_files=off --write_settings_files=off THANHGHI4BIT -c THANHGHI4BIT --timing_analysis_only
Info: Parallel compilation is enabled and will use 4 of the 4 processors detected
Warning: Found pins functioning as undefined clocks and/or memory enables
    Info: Assuming node "Clock" is an undefined clock
Info: Clock "Clock" Internal fmax is restricted to 500.0 MHz between source register "inst" and destination register "inst1"
    Info: fmax restricted to clock pin edge rate 2.0 ns. Expand message to see actual delay path.
        Info: + Longest register to register delay is 0.565 ns
            Info: 1: + IC(0.000 ns) + CELL(0.000 ns) = 0.000 ns; Loc. = LCFF_X39_Y19_N3; Fanout = 2; REG Node = 'inst'
            Info: 2: + IC(0.357 ns) + CELL(0.053 ns) = 0.410 ns; Loc. = LCCOMB_X39_Y19_N0; Fanout = 1; COMB Node = 'inst1~feeder'
            Info: 3: + IC(0.000 ns) + CELL(0.155 ns) = 0.565 ns; Loc. = LCFF_X39_Y19_N1; Fanout = 2; REG Node = 'inst1'
            Info: Total cell delay = 0.208 ns ( 36.81 % )
            Info: Total interconnect delay = 0.357 ns ( 63.19 % )
        Info: - Smallest clock skew is 0.000 ns
            Info: + Shortest clock path from clock "Clock" to destination register is 2.485 ns
                Info: 1: + IC(0.000 ns) + CELL(0.854 ns) = 0.854 ns; Loc. = PIN_N20; Fanout = 1; CLK Node = 'Clock'
                Info: 2: + IC(0.343 ns) + CELL(0.000 ns) = 1.197 ns; Loc. = CLKCTRL_G3; Fanout = 3; COMB Node = 'Clock~clkctrl'
                Info: 3: + IC(0.670 ns) + CELL(0.618 ns) = 2.485 ns; Loc. = LCFF_X39_Y19_N1; Fanout = 2; REG Node = 'inst1'
                Info: Total cell delay = 1.472 ns ( 59.24 % )
                Info: Total interconnect delay = 1.013 ns ( 40.76 % )
            Info: - Longest clock path from clock "Clock" to source register is 2.485 ns
                Info: 1: + IC(0.000 ns) + CELL(0.854 ns) = 0.854 ns; Loc. = PIN_N20; Fanout = 1; CLK Node = 'Clock'
                Info: 2: + IC(0.343 ns) + CELL(0.000 ns) = 1.197 ns; Loc. = CLKCTRL_G3; Fanout = 3; COMB Node = 'Clock~clkctrl'
                Info: 3: + IC(0.670 ns) + CELL(0.618 ns) = 2.485 ns; Loc. = LCFF_X39_Y19_N3; Fanout = 2; REG Node = 'inst'
                Info: Total cell delay = 1.472 ns ( 59.24 % )
                Info: Total interconnect delay = 1.013 ns ( 40.76 % )
        Info: + Micro clock to output delay of source is 0.094 ns
        Info: + Micro setup delay of destination is 0.090 ns
Info: tsu for register "inst" (data pin = "D", clock pin = "Clock") is 2.304 ns
    Info: + Longest pin to register delay is 4.699 ns
        Info: 1: + IC(0.000 ns) + CELL(0.800 ns) = 0.800 ns; Loc. = PIN_J5; Fanout = 1; PIN Node = 'D'
        Info: 2: + IC(3.691 ns) + CELL(0.053 ns) = 4.544 ns; Loc. = LCCOMB_X39_Y19_N2; Fanout = 1; COMB Node = 'inst~feeder'
        Info: 3: + IC(0.000 ns) + CELL(0.155 ns) = 4.699 ns; Loc. = LCFF_X39_Y19_N3; Fanout = 2; REG Node = 'inst'
        Info: Total cell delay = 1.008 ns ( 21.45 % )
        Info: Total interconnect delay = 3.691 ns ( 78.55 % )
    Info: + Micro setup delay of destination is 0.090 ns
    Info: - Shortest clock path from clock "Clock" to destination register is 2.485 ns
        Info: 1: + IC(0.000 ns) + CELL(0.854 ns) = 0.854 ns; Loc. = PIN_N20; Fanout = 1; CLK Node = 'Clock'
        Info: 2: + IC(0.343 ns) + CELL(0.000 ns) = 1.197 ns; Loc. = CLKCTRL_G3; Fanout = 3; COMB Node = 'Clock~clkctrl'
        Info: 3: + IC(0.670 ns) + CELL(0.618 ns) = 2.485 ns; Loc. = LCFF_X39_Y19_N3; Fanout = 2; REG Node = 'inst'
        Info: Total cell delay = 1.472 ns ( 59.24 % )
        Info: Total interconnect delay = 1.013 ns ( 40.76 % )
Info: tco from clock "Clock" to destination pin "Q[3]" through register "inst" is 6.389 ns
    Info: + Longest clock path from clock "Clock" to source register is 2.485 ns
        Info: 1: + IC(0.000 ns) + CELL(0.854 ns) = 0.854 ns; Loc. = PIN_N20; Fanout = 1; CLK Node = 'Clock'
        Info: 2: + IC(0.343 ns) + CELL(0.000 ns) = 1.197 ns; Loc. = CLKCTRL_G3; Fanout = 3; COMB Node = 'Clock~clkctrl'
        Info: 3: + IC(0.670 ns) + CELL(0.618 ns) = 2.485 ns; Loc. = LCFF_X39_Y19_N3; Fanout = 2; REG Node = 'inst'
        Info: Total cell delay = 1.472 ns ( 59.24 % )
        Info: Total interconnect delay = 1.013 ns ( 40.76 % )
    Info: + Micro clock to output delay of source is 0.094 ns
    Info: + Longest register to pin delay is 3.810 ns
        Info: 1: + IC(0.000 ns) + CELL(0.000 ns) = 0.000 ns; Loc. = LCFF_X39_Y19_N3; Fanout = 2; REG Node = 'inst'
        Info: 2: + IC(1.828 ns) + CELL(1.982 ns) = 3.810 ns; Loc. = PIN_Y3; Fanout = 0; PIN Node = 'Q[3]'
        Info: Total cell delay = 1.982 ns ( 52.02 % )
        Info: Total interconnect delay = 1.828 ns ( 47.98 % )
Info: th for register "inst" (data pin = "D", clock pin = "Clock") is -2.065 ns
    Info: + Longest clock path from clock "Clock" to destination register is 2.485 ns
        Info: 1: + IC(0.000 ns) + CELL(0.854 ns) = 0.854 ns; Loc. = PIN_N20; Fanout = 1; CLK Node = 'Clock'
        Info: 2: + IC(0.343 ns) + CELL(0.000 ns) = 1.197 ns; Loc. = CLKCTRL_G3; Fanout = 3; COMB Node = 'Clock~clkctrl'
        Info: 3: + IC(0.670 ns) + CELL(0.618 ns) = 2.485 ns; Loc. = LCFF_X39_Y19_N3; Fanout = 2; REG Node = 'inst'
        Info: Total cell delay = 1.472 ns ( 59.24 % )
        Info: Total interconnect delay = 1.013 ns ( 40.76 % )
    Info: + Micro hold delay of destination is 0.149 ns
    Info: - Shortest pin to register delay is 4.699 ns
        Info: 1: + IC(0.000 ns) + CELL(0.800 ns) = 0.800 ns; Loc. = PIN_J5; Fanout = 1; PIN Node = 'D'
        Info: 2: + IC(3.691 ns) + CELL(0.053 ns) = 4.544 ns; Loc. = LCCOMB_X39_Y19_N2; Fanout = 1; COMB Node = 'inst~feeder'
        Info: 3: + IC(0.000 ns) + CELL(0.155 ns) = 4.699 ns; Loc. = LCFF_X39_Y19_N3; Fanout = 2; REG Node = 'inst'
        Info: Total cell delay = 1.008 ns ( 21.45 % )
        Info: Total interconnect delay = 3.691 ns ( 78.55 % )
Info: Quartus II 64-Bit Classic Timing Analyzer was successful. 0 errors, 1 warning
    Info: Peak virtual memory: 4373 megabytes
    Info: Processing ended: Fri Dec 10 16:23:04 2021
    Info: Elapsed time: 00:00:01
    Info: Total CPU time (on all processors): 00:00:00


