Classic Timing Analyzer report for CONGTRU4BIT
Sun Dec 05 23:51:02 2021
Quartus II Version 9.0 Build 132 02/25/2009 SJ Full Version


---------------------
; Table of Contents ;
---------------------
  1. Legal Notice
  2. Timing Analyzer Summary
  3. Timing Analyzer Settings
  4. Parallel Compilation
  5. tpd
  6. Timing Analyzer Messages



----------------
; Legal Notice ;
----------------
Copyright (C) 1991-2009 Altera Corporation
Your use of Altera Corporation's design tools, logic functions 
and other software and tools, and its AMPP partner logic 
functions, and any output files from any of the foregoing 
(including device programming or simulation files), and any 
associated documentation or information are expressly subject 
to the terms and conditions of the Altera Program License 
Subscription Agreement, Altera MegaCore Function License 
Agreement, or other applicable license agreement, including, 
without limitation, that your use is for the sole purpose of 
programming logic devices manufactured by Altera and sold by 
Altera or its authorized distributors.  Please refer to the 
applicable agreement for further details.



+-------------------------------------------------------------------------------------------------------------------------+
; Timing Analyzer Summary                                                                                                 ;
+------------------------------+-------+---------------+-------------+------+------+------------+----------+--------------+
; Type                         ; Slack ; Required Time ; Actual Time ; From ; To   ; From Clock ; To Clock ; Failed Paths ;
+------------------------------+-------+---------------+-------------+------+------+------------+----------+--------------+
; Worst-case tpd               ; N/A   ; None          ; 10.079 ns   ; A[1] ; S[3] ; --         ; --       ; 0            ;
; Total number of failed paths ;       ;               ;             ;      ;      ;            ;          ; 0            ;
+------------------------------+-------+---------------+-------------+------+------+------------+----------+--------------+


+--------------------------------------------------------------------------------------------------------------------+
; Timing Analyzer Settings                                                                                           ;
+---------------------------------------------------------------------+--------------------+------+----+-------------+
; Option                                                              ; Setting            ; From ; To ; Entity Name ;
+---------------------------------------------------------------------+--------------------+------+----+-------------+
; Device Name                                                         ; EP2S15F484C3       ;      ;    ;             ;
; Timing Models                                                       ; Final              ;      ;    ;             ;
; Default hold multicycle                                             ; Same as Multicycle ;      ;    ;             ;
; Cut paths between unrelated clock domains                           ; On                 ;      ;    ;             ;
; Cut off read during write signal paths                              ; On                 ;      ;    ;             ;
; Cut off feedback from I/O pins                                      ; On                 ;      ;    ;             ;
; Report Combined Fast/Slow Timing                                    ; Off                ;      ;    ;             ;
; Ignore Clock Settings                                               ; Off                ;      ;    ;             ;
; Analyze latches as synchronous elements                             ; On                 ;      ;    ;             ;
; Enable Recovery/Removal analysis                                    ; Off                ;      ;    ;             ;
; Enable Clock Latency                                                ; Off                ;      ;    ;             ;
; Use TimeQuest Timing Analyzer                                       ; Off                ;      ;    ;             ;
; Number of source nodes to report per destination node               ; 10                 ;      ;    ;             ;
; Number of destination nodes to report                               ; 10                 ;      ;    ;             ;
; Number of paths to report                                           ; 200                ;      ;    ;             ;
; Report Minimum Timing Checks                                        ; Off                ;      ;    ;             ;
; Use Fast Timing Models                                              ; Off                ;      ;    ;             ;
; Report IO Paths Separately                                          ; Off                ;      ;    ;             ;
; Perform Multicorner Analysis                                        ; On                 ;      ;    ;             ;
; Reports the worst-case path for each clock domain and analysis      ; Off                ;      ;    ;             ;
; Removes common clock path pessimism (CCPP) during slack computation ; Off                ;      ;    ;             ;
; Output I/O Timing Endpoint                                          ; Near End           ;      ;    ;             ;
+---------------------------------------------------------------------+--------------------+------+----+-------------+


+------------------------------------------+
; Parallel Compilation                     ;
+----------------------------+-------------+
; Processors                 ; Number      ;
+----------------------------+-------------+
; Number detected on machine ; 4           ;
; Maximum allowed            ; 4           ;
;                            ;             ;
; Average used               ; 1.00        ;
; Maximum used               ; 1           ;
;                            ;             ;
; Usage by Processor         ; % Time Used ;
;     1 processor            ; 100.0%      ;
;     2-4 processors         ;   0.0%      ;
+----------------------------+-------------+


+--------------------------------------------------------------+
; tpd                                                          ;
+-------+-------------------+-----------------+---------+------+
; Slack ; Required P2P Time ; Actual P2P Time ; From    ; To   ;
+-------+-------------------+-----------------+---------+------+
; N/A   ; None              ; 10.079 ns       ; A[1]    ; S[3] ;
; N/A   ; None              ; 10.036 ns       ; B[2]    ; S[3] ;
; N/A   ; None              ; 9.971 ns        ; CONTROL ; S[3] ;
; N/A   ; None              ; 9.801 ns        ; B[2]    ; S[2] ;
; N/A   ; None              ; 9.789 ns        ; B[1]    ; S[3] ;
; N/A   ; None              ; 9.712 ns        ; A[0]    ; S[0] ;
; N/A   ; None              ; 9.706 ns        ; A[1]    ; S[2] ;
; N/A   ; None              ; 9.684 ns        ; B[0]    ; S[3] ;
; N/A   ; None              ; 9.636 ns        ; A[0]    ; S[3] ;
; N/A   ; None              ; 9.608 ns        ; B[0]    ; S[0] ;
; N/A   ; None              ; 9.598 ns        ; CONTROL ; S[2] ;
; N/A   ; None              ; 9.467 ns        ; A[2]    ; S[3] ;
; N/A   ; None              ; 9.431 ns        ; A[0]    ; S[1] ;
; N/A   ; None              ; 9.416 ns        ; B[1]    ; S[2] ;
; N/A   ; None              ; 9.396 ns        ; A[1]    ; S[1] ;
; N/A   ; None              ; 9.327 ns        ; B[0]    ; S[1] ;
; N/A   ; None              ; 9.311 ns        ; B[0]    ; S[2] ;
; N/A   ; None              ; 9.263 ns        ; A[0]    ; S[2] ;
; N/A   ; None              ; 9.245 ns        ; A[3]    ; S[3] ;
; N/A   ; None              ; 9.204 ns        ; B[1]    ; S[1] ;
; N/A   ; None              ; 9.198 ns        ; A[2]    ; S[2] ;
; N/A   ; None              ; 9.128 ns        ; B[3]    ; S[3] ;
; N/A   ; None              ; 9.050 ns        ; CONTROL ; S[1] ;
+-------+-------------------+-----------------+---------+------+


+--------------------------+
; Timing Analyzer Messages ;
+--------------------------+
Info: *******************************************************************
Info: Running Quartus II Classic Timing Analyzer
    Info: Version 9.0 Build 132 02/25/2009 SJ Full Version
    Info: Processing started: Sun Dec 05 23:51:02 2021
Info: Command: quartus_tan --read_settings_files=off --write_settings_files=off CONGTRU4BIT -c CONGTRU4BIT --timing_analysis_only
Info: Parallel compilation is enabled and will use 4 of the 4 processors detected
Info: Longest tpd from source pin "A[1]" to destination pin "S[3]" is 10.079 ns
    Info: 1: + IC(0.000 ns) + CELL(0.809 ns) = 0.809 ns; Loc. = PIN_C12; Fanout = 2; PIN Node = 'A[1]'
    Info: 2: + IC(4.701 ns) + CELL(0.346 ns) = 5.856 ns; Loc. = LCCOMB_X29_Y10_N20; Fanout = 2; COMB Node = 'FA:inst1|inst7~0'
    Info: 3: + IC(0.204 ns) + CELL(0.053 ns) = 6.113 ns; Loc. = LCCOMB_X29_Y10_N24; Fanout = 1; COMB Node = 'FA:inst3|inst6~0'
    Info: 4: + IC(1.994 ns) + CELL(1.972 ns) = 10.079 ns; Loc. = PIN_AA15; Fanout = 0; PIN Node = 'S[3]'
    Info: Total cell delay = 3.180 ns ( 31.55 % )
    Info: Total interconnect delay = 6.899 ns ( 68.45 % )
Info: Quartus II Classic Timing Analyzer was successful. 0 errors, 0 warnings
    Info: Peak virtual memory: 195 megabytes
    Info: Processing ended: Sun Dec 05 23:51:02 2021
    Info: Elapsed time: 00:00:00
    Info: Total CPU time (on all processors): 00:00:00


